<?xml version="1.0" encoding="UTF-8"?>
<!-- Generated by org.testng.reporters.JUnitReportReporter -->
<testsuite skipped="0" hostname="kobirs-MBP.home" name="qa.com.tests.DemoTest" tests="4" failures="0" timestamp="27 Nov 2018 16:39:35 GMT" time="0.018" errors="0">
  <testcase name="sub" time="0.001" classname="qa.com.tests.DemoTest"/>
  <testcase name="sum" time="0.001" classname="qa.com.tests.DemoTest"/>
  <testcase name="mul" time="0.002" classname="qa.com.tests.DemoTest"/>
  <testcase name="div" time="0.014" classname="qa.com.tests.DemoTest"/>
</testsuite> <!-- qa.com.tests.DemoTest -->
